rawDroid/build/outputs/mapping/pro/release/seeds.txt
com.anthonymandra.rawdroid.CameraImport
com.anthonymandra.rawdroid.CameraImport: CameraImport()
com.anthonymandra.rawdroid.FullSettingsActivity
com.anthonymandra.rawdroid.FullSettingsActivity: FullSettingsActivity()
com.anthonymandra.rawdroid.FullSettingsActivity$SettingFragment: FullSettingsActivity$SettingFragment()
com.anthonymandra.rawdroid.FullSettingsActivity$SettingFragment: void onCreate(android.os.Bundle)
com.anthonymandra.rawdroid.FullSettingsActivity$SettingFragment: void onResume()
com.anthonymandra.rawdroid.FullSettingsActivity$SettingFragment: void onPause()
com.anthonymandra.rawdroid.FullSettingsActivity$SettingFragment: void onSharedPreferenceChanged(android.content.SharedPreferences,java.lang.String)
com.anthonymandra.rawdroid.FullSettingsActivity$SettingsFragmentLicense
com.anthonymandra.rawdroid.FullSettingsActivity$SettingsFragmentLicense: FullSettingsActivity$SettingsFragmentLicense()
com.anthonymandra.rawdroid.FullSettingsActivity$SettingsFragmentLicense: void onCreate(android.os.Bundle)
com.anthonymandra.rawdroid.FullSettingsActivity$SettingsFragmentLicense: void onResume()
com.anthonymandra.rawdroid.FullSettingsActivity$SettingsFragmentLicense$1
com.anthonymandra.rawdroid.FullSettingsActivity$SettingsFragmentLicense$1: com.anthonymandra.rawdroid.FullSettingsActivity$SettingsFragmentLicense this$0
com.anthonymandra.rawdroid.FullSettingsActivity$SettingsFragmentLicense$1: FullSettingsActivity$SettingsFragmentLicense$1(com.anthonymandra.rawdroid.FullSettingsActivity$SettingsFragmentLicense)
com.anthonymandra.rawdroid.FullSettingsActivity$SettingsFragmentLicense$1: void handleMessage(android.os.Message)
com.anthonymandra.rawdroid.FullSettingsActivity$SettingsFragmentMeta
com.anthonymandra.rawdroid.FullSettingsActivity$SettingsFragmentMeta: FullSettingsActivity$SettingsFragmentMeta()
com.anthonymandra.rawdroid.FullSettingsActivity$SettingsFragmentMeta: void onCreate(android.os.Bundle)
com.anthonymandra.rawdroid.FullSettingsActivity$SettingsFragmentMeta: void onResume()
com.anthonymandra.rawdroid.FullSettingsActivity$SettingsFragmentStorage
com.anthonymandra.rawdroid.FullSettingsActivity$SettingsFragmentStorage: FullSettingsActivity$SettingsFragmentStorage()
com.anthonymandra.rawdroid.FullSettingsActivity$SettingsFragmentStorage: void onCreate(android.os.Bundle)
com.anthonymandra.rawdroid.FullSettingsActivity$SettingsFragmentStorage: void onResume()
com.anthonymandra.rawdroid.FullSettingsActivity$SettingsFragmentView
com.anthonymandra.rawdroid.FullSettingsActivity$SettingsFragmentView: FullSettingsActivity$SettingsFragmentView()
com.anthonymandra.rawdroid.FullSettingsActivity$SettingsFragmentView: void onCreate(android.os.Bundle)
com.anthonymandra.rawdroid.FullSettingsActivity$SettingsFragmentView: void onResume()
com.anthonymandra.rawdroid.FullSettingsActivity$SettingsFragmentWatermark
com.anthonymandra.rawdroid.FullSettingsActivity$SettingsFragmentWatermark: FullSettingsActivity$SettingsFragmentWatermark()
com.anthonymandra.rawdroid.FullSettingsActivity$SettingsFragmentWatermark: void onCreate(android.os.Bundle)
com.anthonymandra.rawdroid.FullSettingsActivity$SettingsFragmentWatermark: void onResume()
com.anthonymandra.rawdroid.FullSettingsActivity$WatermarkLocations: com.anthonymandra.rawdroid.FullSettingsActivity$WatermarkLocations[] values()
com.anthonymandra.rawdroid.FullSettingsActivity$WatermarkLocations: com.anthonymandra.rawdroid.FullSettingsActivity$WatermarkLocations valueOf(java.lang.String)
com.anthonymandra.rawdroid.ImageViewActivity
com.anthonymandra.rawdroid.ImageViewActivity: ImageViewActivity()
com.anthonymandra.rawdroid.LegacyViewerActivity
com.anthonymandra.rawdroid.LegacyViewerActivity: LegacyViewerActivity()
...
com.actionbarsherlock.internal.view.menu.MenuPopupHelper$MenuAdapter
com.actionbarsherlock.internal.view.menu.MenuPopupHelper$MenuAdapter: com.actionbarsherlock.internal.view.menu.MenuBuilder mAdapterMenu
com.actionbarsherlock.internal.view.menu.MenuPopupHelper$MenuAdapter: int mExpandedIndex
com.actionbarsherlock.internal.view.menu.MenuPopupHelper$MenuAdapter: com.actionbarsherlock.internal.view.menu.MenuPopupHelper this$0
com.actionbarsherlock.internal.view.menu.MenuPopupHelper$MenuAdapter: MenuPopupHelper$MenuAdapter(com.actionbarsherlock.internal.view.menu.MenuPopupHelper,com.actionbarsherlock.internal.view.menu.MenuBuilder)
com.actionbarsherlock.internal.view.menu.MenuPopupHelper$MenuAdapter: int getCount()
com.actionbarsherlock.internal.view.menu.MenuPopupHelper$MenuAdapter: com.actionbarsherlock.internal.view.menu.MenuItemImpl getItem(int)
com.actionbarsherlock.internal.view.menu.MenuPopupHelper$MenuAdapter: long getItemId(int)
com.actionbarsherlock.internal.view.menu.MenuPopupHelper$MenuAdapter: android.view.View getView(int,android.view.View,android.view.ViewGroup)
com.actionbarsherlock.internal.view.menu.MenuPopupHelper$MenuAdapter: void findExpandedIndex()
com.actionbarsherlock.internal.view.menu.MenuPopupHelper$MenuAdapter: java.lang.Object getItem(int)
com.actionbarsherlock.internal.view.menu.MenuPopupHelper$MenuAdapter: com.actionbarsherlock.internal.view.menu.MenuBuilder access$000(com.actionbarsherlock.internal.view.menu.MenuPopupHelper$MenuAdapter)
com.actionbarsherlock.internal.view.menu.MenuPresenter
com.actionbarsherlock.internal.view.menu.MenuPresenter: void initForMenu(android.content.Context,com.actionbarsherlock.internal.view.menu.MenuBuilder)
com.actionbarsherlock.internal.view.menu.MenuPresenter: com.actionbarsherlock.internal.view.menu.MenuView getMenuView(android.view.ViewGroup)
com.actionbarsherlock.internal.view.menu.MenuPresenter: void updateMenuView(boolean)
com.actionbarsherlock.internal.view.menu.MenuPresenter: void setCallback(com.actionbarsherlock.internal.view.menu.MenuPresenter$Callback)
com.actionbarsherlock.internal.view.menu.MenuPresenter: boolean onSubMenuSelected(com.actionbarsherlock.internal.view.menu.SubMenuBuilder)
com.actionbarsherlock.internal.view.menu.MenuPresenter: void onCloseMenu(com.actionbarsherlock.internal.view.menu.MenuBuilder,boolean)
com.actionbarsherlock.internal.view.menu.MenuPresenter: boolean flagActionItems()
com.actionbarsherlock.internal.view.menu.MenuPresenter: boolean expandItemActionView(com.actionbarsherlock.internal.view.menu.MenuBuilder,com.actionbarsherlock.internal.view.menu.MenuItemImpl)
com.actionbarsherlock.internal.view.menu.MenuPresenter: boolean collapseItemActionView(com.actionbarsherlock.internal.view.menu.MenuBuilder,com.actionbarsherlock.internal.view.menu.MenuItemImpl)
com.actionbarsherlock.internal.view.menu.MenuPresenter: int getId()
com.actionbarsherlock.internal.view.menu.MenuPresenter: android.os.Parcelable onSaveInstanceState()
com.actionbarsherlock.internal.view.menu.MenuPresenter$Callback
com.actionbarsherlock.internal.view.menu.MenuPresenter$Callback: void onCloseMenu(com.actionbarsherlock.internal.view.menu.MenuBuilder,boolean)
com.actionbarsherlock.internal.view.menu.MenuPresenter$Callback: boolean onOpenSubMenu(com.actionbarsherlock.internal.view.menu.MenuBuilder)
com.actionbarsherlock.internal.view.menu.MenuView
com.actionbarsherlock.internal.view.menu.MenuView: void initialize(com.actionbarsherlock.internal.view.menu.MenuBuilder)
com.actionbarsherlock.internal.view.menu.MenuView: int getWindowAnimations()