rawDroid/build/outputs/mapping/pro/release/mapping.txt
com.anthonymandra.rawdroid.AppRater -> com.anthonymandra.rawdroid.a:
    23:53:void app_launched(android.content.Context) -> a
    57:101:void showRateDialog(android.content.Context,android.content.SharedPreferences$Editor) -> a
com.anthonymandra.rawdroid.AppRater$1 -> com.anthonymandra.rawdroid.b:
    android.content.SharedPreferences$Editor val$editor -> a
    89:96:void onClick(android.content.DialogInterface,int) -> onClick
com.anthonymandra.rawdroid.AppRater$2 -> com.anthonymandra.rawdroid.c:
    80:82:void onClick(android.content.DialogInterface,int) -> onClick
com.anthonymandra.rawdroid.AppRater$3 -> com.anthonymandra.rawdroid.d:
    android.content.SharedPreferences$Editor val$editor -> a
    android.content.Context val$mContext -> b
    67:73:void onClick(android.content.DialogInterface,int) -> onClick
com.anthonymandra.rawdroid.CameraImport -> com.anthonymandra.rawdroid.CameraImport:
    android.mtp.MtpDevice mMtpDevice -> a
    java.util.List imageHandles -> b
    int requiredSpace -> c
    java.io.File destination -> d
    46:48:void onCreate(android.os.Bundle) -> onCreate
    53:56:void onDestroy() -> onDestroy
    61:84:void getMtpDevice() -> a
    88:121:void getImageFiles() -> b
    238:268:void requestImportImageLocation() -> c
    273:284:void onActivityResult(int,int,android.content.Intent) -> onActivityResult
    288:309:void handleImportDirResult(java.lang.String) -> a
    33:33:android.mtp.MtpDevice access$000(com.anthonymandra.rawdroid.CameraImport) -> a
    33:33:void access$100(com.anthonymandra.rawdroid.CameraImport) -> b
    33:33:java.io.File access$200(com.anthonymandra.rawdroid.CameraImport) -> c
    33:33:int access$300(com.anthonymandra.rawdroid.CameraImport) -> d
    33:33:java.util.List access$400(com.anthonymandra.rawdroid.CameraImport) -> e
com.anthonymandra.rawdroid.CameraImport$1 -> com.anthonymandra.rawdroid.e:
    com.anthonymandra.rawdroid.CameraImport this$0 -> a
    95:96:void run() -> run
com.anthonymandra.rawdroid.CameraImport$FindImagesTask -> com.anthonymandra.rawdroid.f:
    android.app.ProgressDialog mProgressDialog -> e
    com.anthonymandra.rawdroid.CameraImport this$0 -> d
    130:140:void onPreExecute() -> a
    145:146:java.lang.Void doInBackground(java.lang.Void[]) -> a
    152:161:void onPostExecute(java.lang.Void) -> a
    123:123:void onPostExecute(java.lang.Object) -> a
    123:123:java.lang.Object doInBackground(java.lang.Object[]) -> a
com.anthonymandra.rawdroid.CameraImport$ImportTask -> com.anthonymandra.rawdroid.g:
    boolean cancelled -> e
    android.app.ProgressDialog mProgressDialog -> f
    com.anthonymandra.rawdroid.CameraImport this$0 -> d
    172:178:void onPreExecute() -> a
    183:198:java.util.List doInBackground(java.lang.Void[]) -> a
    204:220:void onPostExecute(java.util.List) -> a
    225:227:void onProgressUpdate(java.lang.Void[]) -> b
    232:233:void onCancel(android.content.DialogInterface) -> onCancel
    164:164:void onProgressUpdate(java.lang.Object[]) -> b
    164:164:void onPostExecute(java.lang.Object) -> a
    164:164:java.lang.Object doInBackground(java.lang.Object[]) -> a
com.anthonymandra.rawdroid.Constants -> com.anthonymandra.rawdroid.h:
    int VariantCode -> a
    int DistractionInt -> b
    int DistractionInt2 -> c
    int DistractionInt3 -> d
com.anthonymandra.rawdroid.FormatDialog -> com.anthonymandra.rawdroid.i:
    java.util.List sourceFiles -> a
    android.widget.Spinner spinner -> b
    android.content.Context mContext -> c
    com.anthonymandra.rawdroid.FormatDialog$ResponseListener responseListener -> d
    45:59:void onCreate(android.os.Bundle) -> onCreate
    63:63:int numDigits(int) -> a
    17:17:android.widget.Spinner access$200(com.anthonymandra.rawdroid.FormatDialog) -> a
    17:17:java.util.List access$300(com.anthonymandra.rawdroid.FormatDialog) -> b
    17:17:com.anthonymandra.rawdroid.FormatDialog$ResponseListener access$400(com.anthonymandra.rawdroid.FormatDialog) -> c
...
com.android.gallery3d.util.ThreadPool$CancelListener -> com.android.gallery3d.f.m:
    void onCancel() -> a
com.android.gallery3d.util.ThreadPool$Job -> com.android.gallery3d.f.n:
    java.lang.Object run(com.android.gallery3d.util.ThreadPool$JobContext) -> b
com.android.gallery3d.util.ThreadPool$JobContext -> com.android.gallery3d.f.o:
    boolean isCancelled() -> c
    void setCancelListener(com.android.gallery3d.util.ThreadPool$CancelListener) -> a
    boolean setMode(int) -> a
com.android.gallery3d.util.ThreadPool$JobContextStub -> com.android.gallery3d.f.p:
    57:57:boolean isCancelled() -> c
    62:62:void setCancelListener(com.android.gallery3d.util.ThreadPool$CancelListener) -> a
    66:66:boolean setMode(int) -> a
com.android.gallery3d.util.ThreadPool$ResourceCounter -> com.android.gallery3d.f.q:
    int value -> a
com.android.gallery3d.util.ThreadPool$Worker -> com.android.gallery3d.f.r:
    com.android.gallery3d.util.ThreadPool$Job mJob -> b
    com.android.gallery3d.util.FutureListener mListener -> c
    com.android.gallery3d.util.ThreadPool$CancelListener mCancelListener -> d
    com.android.gallery3d.util.ThreadPool$ResourceCounter mWaitOnResource -> e
    boolean mIsCancelled -> f
    boolean mIsDone -> g
    java.lang.Object mResult -> h
    int mMode -> i
    com.android.gallery3d.util.ThreadPool this$0 -> a
    127:146:void run() -> run
    151:161:void cancel() -> a
    165:165:boolean isCancelled() -> c
    175:183:java.lang.Object get() -> b
    195:199:void setCancelListener(com.android.gallery3d.util.ThreadPool$CancelListener) -> a
    204:217:boolean setMode(int) -> a
    221:226:com.android.gallery3d.util.ThreadPool$ResourceCounter modeToCounter(int) -> b
    232:258:boolean acquireResource(com.android.gallery3d.util.ThreadPool$ResourceCounter) -> a
    262:266:void releaseResource(com.android.gallery3d.util.ThreadPool$ResourceCounter) -> b
com.android.legacy.anim.Animation -> com.android.legacy.a.a:
    long mStartTime -> a
    int mDuration -> b
    android.view.animation.Interpolator mInterpolator -> c
    58:59:void setStartTime(long) -> a
    68:82:boolean calculate(long) -> b
    void onCalculate(float) -> a
com.android.legacy.anim.CanvasAnimation -> com.android.legacy.a.b:
    int getCanvasSaveFlags() -> a
    void apply(com.android.legacy.ui.GLCanvas) -> a
com.android.legacy.ui.BasicTexture -> com.android.legacy.ui.a:
    int mId -> a
    int mState -> b
    int mWidth -> c
    int mHeight -> d
    int mTextureWidth -> f
    int mTextureHeight -> g
    java.lang.ref.WeakReference mCanvasRef -> e
    java.util.WeakHashMap sAllTextures -> h
    java.lang.ThreadLocal sInFinalizer -> i
    69:70:void setAssociatedCanvas(com.android.legacy.ui.GLCanvas) -> a
    77:81:void setSize(int,int) -> a
    85:85:int getId() -> a
    90:90:int getWidth() -> b
    95:95:int getHeight() -> c
    101:101:int getTextureWidth() -> d
    107:107:int getTextureHeight() -> e
    117:118:void draw(com.android.legacy.ui.GLCanvas,int,int,int,int) -> a
    boolean onBind(com.android.legacy.ui.GLCanvas) -> b
    126:126:boolean isLoaded(com.android.legacy.ui.GLCanvas) -> c
    133:134:void recycle() -> f
    143:144:void yield() -> g
    148:155:void freeResource() -> i
    160:163:void finalize() -> finalize
    175:182:void yieldAllTextures() -> h