rawDroid/build/outputs/mapping/pro/release/usage.txt
com.anthonymandra.rawdroid.AppRater:
    private static final java.lang.String APP_TITLE
    private static final java.lang.String APP_PNAME
    private static final java.lang.String PREF_NAME
    private static final int DAYS_UNTIL_PROMPT
    private static final int LAUNCHES_UNTIL_PROMPT
    12:12:public AppRater()
com.anthonymandra.rawdroid.BuildConfig
com.anthonymandra.rawdroid.CameraImport:
    private static final int REQUEST_MTP_IMPORT_DIR
com.anthonymandra.rawdroid.Constants:
    6:6:public Constants()
com.anthonymandra.rawdroid.FormatDialog:
    28:31:public FormatDialog(android.content.Context,java.util.List)
com.anthonymandra.rawdroid.FullSettingsActivity:
    public static final java.lang.String PREFS_STORAGE
    public static final java.lang.String PREFS_VIEW
    public static final java.lang.String PREFS_METADATA
    public static final java.lang.String PREFS_LICENSE
    public static final java.lang.String PREFS_WATERMARK
    public static final int REQUEST_CODE_PICK_KEYWORD_FILE
    public static final java.lang.String KEY_ShowImageInterface
    public static final java.lang.String KEY_ShowNav
    public static final java.lang.String KEY_ShowXmpFiles
    public static final java.lang.String KEY_ShowNativeFiles
    public static final java.lang.String KEY_ShowUnknownFiles
    public static final java.lang.String KEY_RecycleBinSize
    public static final java.lang.String KEY_ComingSoon
    public static final java.lang.String KEY_DeleteConfirmation
    public static final java.lang.String KEY_UseRecycleBin
    public static final java.lang.String KEY_ImportKeywords
    public static final java.lang.String KEY_ClearGalleryCache
    public static final java.lang.String KEY_ShowMeta
    public static final java.lang.String KEY_ShowHist
    public static final java.lang.String KEY_XmpRed
    public static final java.lang.String KEY_XmpBlue
    public static final java.lang.String KEY_XmpGreen
    public static final java.lang.String KEY_XmpYellow
    public static final java.lang.String KEY_XmpPurple
    public static final java.lang.String KEY_CustomKeywords
com.anthonymandra.rawdroid.FullSettingsActivity$WatermarkLocations
com.anthonymandra.rawdroid.ImageModel
com.anthonymandra.rawdroid.LegacyViewerActivity:
    private boolean isInterfaceHidden
    497:498:public void deleteToPrevious()
com.anthonymandra.rawdroid.LegacyViewerActivity$MyImageViewerModel:
    339:356:public void deleteToPrevious()
com.anthonymandra.rawdroid.LicenseManager:
    private static final java.lang.String BASE64_PUBLIC_KEY
    private static final int mySignatureHash
    private static final java.lang.String key
    private static final java.lang.String package1
    private static final java.lang.String package2
    private static final java.lang.String goog
    private static final java.lang.String amzn
    private static final java.lang.String firstInstall
    private static final long trialPeriod
com.anthonymandra.rawdroid.LicenseReceiver
com.anthonymandra.rawdroid.ParentChild:
    16:16:public java.lang.Object getParent()
com.anthonymandra.rawdroid.R
com.anthonymandra.rawdroid.R$array
com.anthonymandra.rawdroid.R$attr
com.anthonymandra.rawdroid.R$bool
com.anthonymandra.rawdroid.R$color
com.anthonymandra.rawdroid.R$dimen
com.anthonymandra.rawdroid.R$drawable
com.anthonymandra.rawdroid.R$id
com.anthonymandra.rawdroid.R$integer
com.anthonymandra.rawdroid.R$layout
com.anthonymandra.rawdroid.R$menu
com.anthonymandra.rawdroid.R$raw
com.anthonymandra.rawdroid.R$string
com.anthonymandra.rawdroid.R$style
com.anthonymandra.rawdroid.R$styleable
com.anthonymandra.rawdroid.R$xml
...
android.support.v4.view.ViewCompatHC:
    23:23:ViewCompatHC()
    29:29:public static float getAlpha(android.view.View)
    41:41:public static int resolveSizeAndState(int,int,int)
    45:45:public static int getMeasuredWidthAndState(android.view.View)
    49:49:public static int getMeasuredHeightAndState(android.view.View)
    53:53:public static int getMeasuredState(android.view.View)
    57:57:public static float getTranslationX(android.view.View)
    61:61:public static float getTranslationY(android.view.View)
    65:65:public static float getX(android.view.View)
    69:69:public static float getY(android.view.View)
    73:73:public static float getRotation(android.view.View)
    77:77:public static float getRotationX(android.view.View)
    81:81:public static float getRotationY(android.view.View)
    85:85:public static float getScaleX(android.view.View)
    89:89:public static float getScaleY(android.view.View)
    93:94:public static void setTranslationX(android.view.View,float)
    97:98:public static void setTranslationY(android.view.View,float)
    101:102:public static void setAlpha(android.view.View,float)
    105:106:public static void setX(android.view.View,float)
    109:110:public static void setY(android.view.View,float)
    113:114:public static void setRotation(android.view.View,float)
    117:118:public static void setRotationX(android.view.View,float)
    121:122:public static void setRotationY(android.view.View,float)
android.support.v4.view.ViewCompatICS:
    27:27:ViewCompatICS()
    34:34:public static boolean canScrollVertically(android.view.View,int)
    42:43:public static void onPopulateAccessibilityEvent(android.view.View,android.view.accessibility.AccessibilityEvent)
    46:47:public static void onInitializeAccessibilityEvent(android.view.View,android.view.accessibility.AccessibilityEvent)
    50:51:public static void onInitializeAccessibilityNodeInfo(android.view.View,java.lang.Object)
android.support.v4.view.ViewCompatJB:
    26:26:ViewCompatJB()
    29:29:public static boolean hasTransientState(android.view.View)
    33:34:public static void setHasTransientState(android.view.View,boolean)
    50:51:public static void postOnAnimationDelayed(android.view.View,java.lang.Runnable,long)
    54:54:public static int getImportantForAccessibility(android.view.View)
    62:62:public static boolean performAccessibilityAction(android.view.View,int,android.os.Bundle)
    66:66:public static java.lang.Object getAccessibilityNodeProvider(android.view.View)
    70:70:public static android.view.ViewParent getParentForAccessibility(android.view.View)
    74:74:public static int getMinimumWidth(android.view.View)
    78:78:public static int getMinimumHeight(android.view.View)
    82:83:public static void requestApplyInsets(android.view.View)
android.support.v4.view.ViewCompatJellybeanMr1:
    25:25:ViewCompatJellybeanMr1()
    28:28:public static int getLabelFor(android.view.View)
    32:33:public static void setLabelFor(android.view.View,int)
    44:45:public static void setLayoutDirection(android.view.View,int)
    48:48:public static int getPaddingStart(android.view.View)
    52:52:public static int getPaddingEnd(android.view.View)
    56:57:public static void setPaddingRelative(android.view.View,int,int,int,int)
    60:60:public static int getWindowSystemUiVisibility(android.view.View)
android.support.v4.view.ViewCompatKitKat
android.support.v4.view.ViewConfigurationCompat
android.support.v4.view.ViewConfigurationCompat$BaseViewConfigurationVersionImpl
android.support.v4.view.ViewConfigurationCompat$FroyoViewConfigurationVersionImpl
android.support.v4.view.ViewConfigurationCompat$HoneycombViewConfigurationVersionImpl
android.support.v4.view.ViewConfigurationCompat$IcsViewConfigurationVersionImpl
android.support.v4.view.ViewConfigurationCompat$ViewConfigurationVersionImpl
android.support.v4.view.ViewConfigurationCompatFroyo
android.support.v4.view.ViewConfigurationCompatICS